2024-08-13 21:18:35,387 - INFO - I have logged in
2024-08-13 21:18:41,057 - INFO - -> Checking availability for East A...
2024-08-13 21:18:47,576 - INFO - No 1h weekend slots found for East A this week. Checking next week...
2024-08-13 21:18:57,600 - INFO - No 1h weekend slots found for East A this week or next week
2024-08-13 21:19:00,552 - INFO - -> Checking availability for East B...
2024-08-13 21:19:13,479 - INFO - No 1h weekend slots found for East B this week. Checking next week...
2024-08-13 21:19:19,351 - INFO - No 1h weekend slots found for East B this week or next week
2024-08-13 21:19:22,210 - INFO - -> Checking availability for East C...
2024-08-13 21:19:30,816 - INFO - No 1h weekend slots found for East C this week. Checking next week...
2024-08-13 21:19:42,951 - INFO - No 1h weekend slots found for East C this week or next week
2024-08-13 21:19:45,813 - INFO - -> Checking availability for East D...
2024-08-13 21:19:50,128 - INFO - No 1h weekend slots found for East D this week. Checking next week...
2024-08-13 21:20:00,147 - INFO - No 1h weekend slots found for East D this week or next week
2024-08-13 21:20:03,024 - INFO - -> Checking availability for West E...
2024-08-13 21:20:09,474 - INFO - No 1h weekend slots found for West E this week. Checking next week...
2024-08-13 21:41:09,884 - INFO - Start crawling...
2024-08-13 21:41:18,495 - INFO - I have logged in
2024-08-13 21:41:24,257 - INFO - -> Checking availability for East A...
2024-08-13 21:41:30,797 - INFO - No 1h weekend slots found for East A this week. Checking next week...
2024-08-13 21:41:40,855 - INFO - No 1h weekend slots found for East A this week or next week
2024-08-13 21:41:42,839 - INFO - -> Checking availability for East B...
2024-08-13 21:41:57,365 - INFO - No 1h weekend slots found for East B this week. Checking next week...
2024-08-13 21:42:03,230 - INFO - No 1h weekend slots found for East B this week or next week
2024-08-13 21:42:05,183 - INFO - -> Checking availability for East C...
2024-08-13 21:42:13,863 - INFO - No 1h weekend slots found for East C this week. Checking next week...
2024-08-13 21:42:26,028 - INFO - No 1h weekend slots found for East C this week or next week
2024-08-13 21:42:28,116 - INFO - -> Checking availability for East D...
2024-08-13 21:42:32,446 - INFO - No 1h weekend slots found for East D this week. Checking next week...
2024-08-13 21:42:42,651 - INFO - No 1h weekend slots found for East D this week or next week
2024-08-13 21:42:44,492 - INFO - -> Checking availability for West E...
2024-08-13 21:42:51,077 - INFO - No 1h weekend slots found for West E this week. Checking next week...
2024-08-13 21:43:27,120 - INFO - No 1h weekend slots found for West E this week or next week
2024-08-13 21:43:29,026 - INFO - -> Checking availability for West F...
2024-08-13 21:43:33,311 - INFO - No 1h weekend slots found for West F this week. Checking next week...
2024-08-13 21:44:18,015 - INFO - No 1h weekend slots found for West F this week or next week
2024-08-13 21:44:19,836 - INFO - -> Checking availability for West G...
2024-08-13 21:44:21,999 - INFO - No 1h weekend slots found for West G this week. Checking next week...
2024-08-13 21:45:16,552 - INFO - No 1h weekend slots found for West G this week or next week
2024-08-13 21:45:18,511 - INFO - -> Checking availability for West H...
2024-08-13 21:45:18,530 - INFO - No 1h weekend slots found for West H this week. Checking next week...
2024-08-13 21:45:52,432 - INFO - No 1h weekend slots found for West H this week or next week
2024-08-13 21:45:55,339 - INFO - Job Completed!
2024-08-13 21:45:55,340 - INFO - Time spent: 285.46 seconds
2024-08-13 21:49:05,886 - INFO - Start crawling...
2024-08-13 21:49:14,903 - INFO - I have logged in
2024-08-13 21:49:21,419 - INFO - -> Checking availability for East A...
2024-08-13 21:49:27,971 - INFO - No 1h weekend slots found for East A this week. Checking next week...
2024-08-13 21:56:32,064 - INFO - Start crawling...
